
 /----------------------------------------------------------------------------\
 |                                                                            |
 |  yosys -- Yosys Open SYnthesis Suite                                       |
 |                                                                            |
 |  Copyright (C) 2012 - 2019  Clifford Wolf <clifford@clifford.at>           |
 |                                                                            |
 |  Permission to use, copy, modify, and/or distribute this software for any  |
 |  purpose with or without fee is hereby granted, provided that the above    |
 |  copyright notice and this permission notice appear in all copies.         |
 |                                                                            |
 |  THE SOFTWARE IS PROVIDED "AS IS" AND THE AUTHOR DISCLAIMS ALL WARRANTIES  |
 |  WITH REGARD TO THIS SOFTWARE INCLUDING ALL IMPLIED WARRANTIES OF          |
 |  MERCHANTABILITY AND FITNESS. IN NO EVENT SHALL THE AUTHOR BE LIABLE FOR   |
 |  ANY SPECIAL, DIRECT, INDIRECT, OR CONSEQUENTIAL DAMAGES OR ANY DAMAGES    |
 |  WHATSOEVER RESULTING FROM LOSS OF USE, DATA OR PROFITS, WHETHER IN AN     |
 |  ACTION OF CONTRACT, NEGLIGENCE OR OTHER TORTIOUS ACTION, ARISING OUT OF   |
 |  OR IN CONNECTION WITH THE USE OR PERFORMANCE OF THIS SOFTWARE.            |
 |                                                                            |
 \----------------------------------------------------------------------------/

 Yosys 0.9+932 (git sha1 4072a966, clang 6.0.0-1ubuntu2 -fPIC -Os)


-- Executing script file `design_smt2.ys' --

1. Executing ILANG frontend.
Input filename: design.il

2. Printing statistics.

=== ws2812 ===

   Number of wires:                 88
   Number of wire bits:            671
   Number of public wires:          12
   Number of public wire bits:      83
   Number of memories:               0
   Number of memory bits:            0
   Number of processes:              0
   Number of cells:                 85
     $anyseq                        16
     $assume                         1
     $cover                          2
     $dff                            7
     $eq                             1
     $gt                             2
     $logic_not                      4
     $mem                            1
     $mux                           41
     $pmux                           5
     $reduce_bool                    1
     $shiftx                         1
     $sub                            3

3. Executing SMT2 backend.
Creating SMT-LIBv2 representation of module ws2812.

End of script. Logfile hash: 25bf113397
CPU: user 0.01s system 0.00s, MEM: 44.65 MB total, 8.16 MB resident
Yosys 0.9+932 (git sha1 4072a966, clang 6.0.0-1ubuntu2 -fPIC -Os)
Time spent: 60% 2x write_smt2 (0 sec), 37% 2x read_ilang (0 sec), ...
