
 /----------------------------------------------------------------------------\
 |                                                                            |
 |  yosys -- Yosys Open SYnthesis Suite                                       |
 |                                                                            |
 |  Copyright (C) 2012 - 2019  Clifford Wolf <clifford@clifford.at>           |
 |                                                                            |
 |  Permission to use, copy, modify, and/or distribute this software for any  |
 |  purpose with or without fee is hereby granted, provided that the above    |
 |  copyright notice and this permission notice appear in all copies.         |
 |                                                                            |
 |  THE SOFTWARE IS PROVIDED "AS IS" AND THE AUTHOR DISCLAIMS ALL WARRANTIES  |
 |  WITH REGARD TO THIS SOFTWARE INCLUDING ALL IMPLIED WARRANTIES OF          |
 |  MERCHANTABILITY AND FITNESS. IN NO EVENT SHALL THE AUTHOR BE LIABLE FOR   |
 |  ANY SPECIAL, DIRECT, INDIRECT, OR CONSEQUENTIAL DAMAGES OR ANY DAMAGES    |
 |  WHATSOEVER RESULTING FROM LOSS OF USE, DATA OR PROFITS, WHETHER IN AN     |
 |  ACTION OF CONTRACT, NEGLIGENCE OR OTHER TORTIOUS ACTION, ARISING OUT OF   |
 |  OR IN CONNECTION WITH THE USE OR PERFORMANCE OF THIS SOFTWARE.            |
 |                                                                            |
 \----------------------------------------------------------------------------/

 Yosys 0.9+932 (git sha1 4072a966, clang 6.0.0-1ubuntu2 -fPIC -Os)


-- Executing script file `design_smt2.ys' --

1. Executing ILANG frontend.
Input filename: design.il

2. Printing statistics.

=== busyctr ===

   Number of wires:                 47
   Number of wire bits:            144
   Number of public wires:           7
   Number of public wire bits:      29
   Number of memories:               0
   Number of memory bits:            0
   Number of processes:              0
   Number of cells:                 51
     $anyseq                         6
     $assert                         2
     $assume                         4
     $cover                          1
     $dff                           11
     $gt                             1
     $le                             1
     $logic_and                      6
     $logic_not                      3
     $lt                             1
     $mux                           12
     $ne                             1
     $reduce_bool                    1
     $sub                            1

3. Executing SMT2 backend.
Creating SMT-LIBv2 representation of module busyctr.

End of script. Logfile hash: 06feb8d586
CPU: user 0.00s system 0.01s, MEM: 44.39 MB total, 7.11 MB resident
Yosys 0.9+932 (git sha1 4072a966, clang 6.0.0-1ubuntu2 -fPIC -Os)
Time spent: 61% 2x write_smt2 (0 sec), 34% 2x read_ilang (0 sec), ...
